<?xml version="1.0" encoding="UTF-8"?>
<testng-results skipped="0" failed="0" total="1" passed="1">
  <reporter-output>
  </reporter-output>
  <suite name="Suite" duration-ms="39" started-at="2021-10-24T08:51:45Z" finished-at="2021-10-24T08:51:45Z">
    <groups>
    </groups>
    <test name="Test" duration-ms="39" started-at="2021-10-24T08:51:45Z" finished-at="2021-10-24T08:51:45Z">
      <class name="test.TestSelenium">
        <test-method status="PASS" signature="webauto()[pri:0, instance:test.TestSelenium@27808f31]" name="webauto" duration-ms="15" started-at="2021-10-24T14:21:45Z" finished-at="2021-10-24T14:21:45Z">
          <reporter-output>
          </reporter-output>
        </test-method> <!-- webauto -->
      </class> <!-- test.TestSelenium -->
    </test> <!-- Test -->
  </suite> <!-- Suite -->
</testng-results>
