<?xml version="1.0" encoding="UTF-8"?>
<testng-results skipped="0" failed="0" ignored="0" total="1" passed="1">
  <reporter-output>
  </reporter-output>
  <suite name="Default suite" duration-ms="93" started-at="2021-10-24T14:49:44 IST" finished-at="2021-10-24T14:49:44 IST">
    <groups>
    </groups>
    <test name="Default test" duration-ms="93" started-at="2021-10-24T14:49:44 IST" finished-at="2021-10-24T14:49:44 IST">
      <class name="test.TestSelenium">
        <test-method status="PASS" signature="webauto()[pri:0, instance:test.TestSelenium@2d6eabae]" name="webauto" duration-ms="22" started-at="2021-10-24T14:49:44 IST" finished-at="2021-10-24T14:49:44 IST">
          <reporter-output>
          </reporter-output>
        </test-method> <!-- webauto -->
      </class> <!-- test.TestSelenium -->
    </test> <!-- Default test -->
  </suite> <!-- Default suite -->
</testng-results>
